[debug] [2025-05-26T07:54:48.840Z] ----------------------------------------------------------------------
[debug] [2025-05-26T07:54:48.842Z] Command:       /nix/store/rbdrkcs5kkwpalxcd7c6bnm33lk2955n-nodejs-20.19.0/bin/node /nix/store/x1y0l2xj62jgmz6csprhhqzibvdggdpk-firebase-tools-14.3.1/lib/node_modules/firebase-tools/lib/bin/firebase.js init hosting
[debug] [2025-05-26T07:54:48.843Z] CLI Version:   14.3.1
[debug] [2025-05-26T07:54:48.843Z] Platform:      linux
[debug] [2025-05-26T07:54:48.843Z] Node Version:  v20.19.0
[debug] [2025-05-26T07:54:48.843Z] Time:          Mon May 26 2025 07:54:48 GMT+0000 (Coordinated Universal Time)
[debug] [2025-05-26T07:54:48.844Z] ----------------------------------------------------------------------
[debug] 
[debug] [2025-05-26T07:54:48.850Z] > command requires scopes: ["email","openid","https://www.googleapis.com/auth/cloudplatformprojects.readonly","https://www.googleapis.com/auth/firebase","https://www.googleapis.com/auth/cloud-platform"]
[debug] [2025-05-26T07:54:48.850Z] > authorizing via signed-in user (neurocoderz@gmail.com)
[info] 
     ######## #### ########  ######## ########     ###     ######  ########
     ##        ##  ##     ## ##       ##     ##  ##   ##  ##       ##
     ######    ##  ########  ######   ########  #########  ######  ######
     ##        ##  ##    ##  ##       ##     ## ##     ##       ## ##
     ##       #### ##     ## ######## ########  ##     ##  ######  ########

You're about to initialize a Firebase project in this directory:

  /home/user/holograms.media

[info] 
=== Project Setup
[info] 
[info] First, let's associate this project directory with a Firebase project.
[info] You can create multiple project aliases by running firebase use --add, 
[info] but for now we'll just set up a default project.
[info] 
[debug] [2025-05-26T07:55:14.276Z] Checked if tokens are valid: true, expires at: 1748248606142
[debug] [2025-05-26T07:55:14.277Z] Checked if tokens are valid: true, expires at: 1748248606142
[debug] [2025-05-26T07:55:14.282Z] >>> [apiv2][query] GET https://firebase.googleapis.com/v1beta1/projects pageSize=100
[debug] [2025-05-26T07:55:14.645Z] <<< [apiv2][status] GET https://firebase.googleapis.com/v1beta1/projects 200
[debug] [2025-05-26T07:55:14.645Z] <<< [apiv2][body] GET https://firebase.googleapis.com/v1beta1/projects [omitted]
[info] i  Using project holograms-media (holograms-media) 
[info] 
=== Hosting Setup
[debug] [2025-05-26T07:55:16.345Z] Checked if tokens are valid: true, expires at: 1748248606142
[debug] [2025-05-26T07:55:16.345Z] Checked if tokens are valid: true, expires at: 1748248606142
[debug] [2025-05-26T07:55:16.346Z] >>> [apiv2][query] GET https://firebase.googleapis.com/v1beta1/projects/holograms-media [none]
[debug] [2025-05-26T07:55:16.774Z] <<< [apiv2][status] GET https://firebase.googleapis.com/v1beta1/projects/holograms-media 200
[debug] [2025-05-26T07:55:16.774Z] <<< [apiv2][body] GET https://firebase.googleapis.com/v1beta1/projects/holograms-media {"projectId":"holograms-media","projectNumber":"808002961976","displayName":"holograms-media","name":"projects/holograms-media","resources":{"hostingSite":"holograms-media"},"state":"ACTIVE","etag":"1_e6620c3f-f8c0-43e5-83e2-5b635e05fca7"}
[info] 
[info] i  Detected a .git folder at /home/user/holograms.media 
[info] i  Authorizing with GitHub to upload your service account to a GitHub repository's secrets store. 
[info] 
[info] Visit this URL on this device to log in:
[info] https://github.com/login/oauth/authorize?client_id=89cf50f02ac6aaed3484&state=199233628&redirect_uri=http%3A%2F%2Flocalhost%3A9005&scope=read%3Auser%20repo%20public_repo
[info] 
[info] Waiting for authentication...
