1745767490.858629 client started (1046375): version 3.4, socket /tmp/tmux-0/default, protocol 8
1745767490.859105 on Linux 6.8.0-57-generic #59-Ubuntu SMP PREEMPT_DYNAMIC Sat Mar 15 17:40:59 UTC 2025
1745767490.860241 using libevent 2.1.12-stable poll
1745767490.860272 using ncurses 6.4 20240113
1745767490.860320 flags are 0x18010000
1745767490.860434 socket is /tmp/tmux-0/default
1745767490.860541 trying connect
1745767490.860885 add peer 0x5891c6871600: 6 ((nil))
1745767490.864310 sending message 100 to peer 0x5891c6871600 (4 bytes)
1745767490.865093 sending message 111 to peer 0x5891c6871600 (8 bytes)
1745767490.865196 sending message 101 to peer 0x5891c6871600 (15 bytes)
1745767490.865294 sending message 109 to peer 0x5891c6871600 (4 bytes)
1745767490.865403 sending message 102 to peer 0x5891c6871600 (12 bytes)
1745767490.865481 sending message 108 to peer 0x5891c6871600 (22 bytes)
1745767490.865554 sending message 112 to peer 0x5891c6871600 (58 bytes)
1745767490.865592 sending message 112 to peer 0x5891c6871600 (5 bytes)
1745767490.865627 sending message 112 to peer 0x5891c6871600 (5 bytes)
1745767490.865715 sending message 112 to peer 0x5891c6871600 (6 bytes)
1745767490.865756 sending message 112 to peer 0x5891c6871600 (6 bytes)
1745767490.865791 sending message 112 to peer 0x5891c6871600 (11 bytes)
1745767490.865824 sending message 112 to peer 0x5891c6871600 (10 bytes)
1745767490.865906 sending message 112 to peer 0x5891c6871600 (13 bytes)
1745767490.865999 sending message 112 to peer 0x5891c6871600 (14 bytes)
1745767490.866037 sending message 112 to peer 0x5891c6871600 (19 bytes)
1745767490.866071 sending message 112 to peer 0x5891c6871600 (11 bytes)
1745767490.866129 sending message 112 to peer 0x5891c6871600 (10 bytes)
1745767490.866166 sending message 112 to peer 0x5891c6871600 (15 bytes)
1745767490.866213 sending message 112 to peer 0x5891c6871600 (21 bytes)
1745767490.866274 sending message 112 to peer 0x5891c6871600 (13 bytes)
1745767490.866373 sending message 112 to peer 0x5891c6871600 (7 bytes)
1745767490.866424 sending message 112 to peer 0x5891c6871600 (13 bytes)
1745767490.866460 sending message 112 to peer 0x5891c6871600 (7 bytes)
1745767490.866494 sending message 112 to peer 0x5891c6871600 (13 bytes)
1745767490.866526 sending message 112 to peer 0x5891c6871600 (9 bytes)
1745767490.866576 sending message 112 to peer 0x5891c6871600 (21 bytes)
1745767490.866613 sending message 112 to peer 0x5891c6871600 (13 bytes)
1745767490.866646 sending message 112 to peer 0x5891c6871600 (9 bytes)
1745767490.866679 sending message 112 to peer 0x5891c6871600 (16 bytes)
1745767490.866728 sending message 112 to peer 0x5891c6871600 (13 bytes)
1745767490.866766 sending message 112 to peer 0x5891c6871600 (9 bytes)
1745767490.866834 sending message 112 to peer 0x5891c6871600 (9 bytes)
1745767490.866909 sending message 112 to peer 0x5891c6871600 (12 bytes)
1745767490.866995 sending message 112 to peer 0x5891c6871600 (8 bytes)
1745767490.867013 sending message 112 to peer 0x5891c6871600 (8 bytes)
1745767490.867021 sending message 112 to peer 0x5891c6871600 (13 bytes)
1745767490.867033 sending message 112 to peer 0x5891c6871600 (7 bytes)
1745767490.867040 sending message 112 to peer 0x5891c6871600 (7 bytes)
1745767490.867051 sending message 112 to peer 0x5891c6871600 (9 bytes)
1745767490.867057 sending message 112 to peer 0x5891c6871600 (9 bytes)
1745767490.867068 sending message 112 to peer 0x5891c6871600 (15 bytes)
1745767490.867075 sending message 112 to peer 0x5891c6871600 (13 bytes)
1745767490.867086 sending message 112 to peer 0x5891c6871600 (12 bytes)
1745767490.867093 sending message 112 to peer 0x5891c6871600 (8 bytes)
1745767490.867104 sending message 112 to peer 0x5891c6871600 (14 bytes)
1745767490.867110 sending message 112 to peer 0x5891c6871600 (11 bytes)
1745767490.867121 sending message 112 to peer 0x5891c6871600 (9 bytes)
1745767490.867127 sending message 112 to peer 0x5891c6871600 (10 bytes)
1745767490.867138 sending message 112 to peer 0x5891c6871600 (10 bytes)
1745767490.867145 sending message 112 to peer 0x5891c6871600 (10 bytes)
1745767490.867326 sending message 112 to peer 0x5891c6871600 (10 bytes)
1745767490.867387 sending message 112 to peer 0x5891c6871600 (11 bytes)
1745767490.867500 sending message 112 to peer 0x5891c6871600 (12 bytes)
1745767490.867573 sending message 112 to peer 0x5891c6871600 (12 bytes)
1745767490.867621 sending message 112 to peer 0x5891c6871600 (12 bytes)
1745767490.867642 sending message 112 to peer 0x5891c6871600 (12 bytes)
1745767490.867657 sending message 112 to peer 0x5891c6871600 (12 bytes)
1745767490.867666 sending message 112 to peer 0x5891c6871600 (11 bytes)
1745767490.867678 sending message 112 to peer 0x5891c6871600 (11 bytes)
1745767490.867686 sending message 112 to peer 0x5891c6871600 (12 bytes)
1745767490.867700 sending message 112 to peer 0x5891c6871600 (12 bytes)
1745767490.867708 sending message 112 to peer 0x5891c6871600 (12 bytes)
1745767490.867722 sending message 112 to peer 0x5891c6871600 (12 bytes)
1745767490.867732 sending message 112 to peer 0x5891c6871600 (12 bytes)
1745767490.867745 sending message 112 to peer 0x5891c6871600 (9 bytes)
1745767490.867753 sending message 112 to peer 0x5891c6871600 (12 bytes)
1745767490.867766 sending message 112 to peer 0x5891c6871600 (13 bytes)
1745767490.867774 sending message 112 to peer 0x5891c6871600 (13 bytes)
1745767490.867787 sending message 112 to peer 0x5891c6871600 (13 bytes)
1745767490.867796 sending message 112 to peer 0x5891c6871600 (13 bytes)
1745767490.867810 sending message 112 to peer 0x5891c6871600 (13 bytes)
1745767490.867821 sending message 112 to peer 0x5891c6871600 (8 bytes)
1745767490.867834 sending message 112 to peer 0x5891c6871600 (11 bytes)
1745767490.867843 sending message 112 to peer 0x5891c6871600 (11 bytes)
1745767490.867856 sending message 112 to peer 0x5891c6871600 (11 bytes)
1745767490.867864 sending message 112 to peer 0x5891c6871600 (12 bytes)
1745767490.867877 sending message 112 to peer 0x5891c6871600 (12 bytes)
1745767490.867885 sending message 112 to peer 0x5891c6871600 (12 bytes)
1745767490.867899 sending message 112 to peer 0x5891c6871600 (12 bytes)
1745767490.867908 sending message 112 to peer 0x5891c6871600 (13 bytes)
1745767490.867921 sending message 112 to peer 0x5891c6871600 (13 bytes)
1745767490.867930 sending message 112 to peer 0x5891c6871600 (13 bytes)
1745767490.867942 sending message 112 to peer 0x5891c6871600 (8 bytes)
1745767490.867951 sending message 112 to peer 0x5891c6871600 (13 bytes)
1745767490.867963 sending message 112 to peer 0x5891c6871600 (13 bytes)
1745767490.867972 sending message 112 to peer 0x5891c6871600 (13 bytes)
1745767490.867986 sending message 112 to peer 0x5891c6871600 (13 bytes)
1745767490.867995 sending message 112 to peer 0x5891c6871600 (13 bytes)
1745767490.868009 sending message 112 to peer 0x5891c6871600 (12 bytes)
1745767490.868017 sending message 112 to peer 0x5891c6871600 (12 bytes)
1745767490.868030 sending message 112 to peer 0x5891c6871600 (12 bytes)
1745767490.868038 sending message 112 to peer 0x5891c6871600 (12 bytes)
1745767490.868051 sending message 112 to peer 0x5891c6871600 (13 bytes)
1745767490.868060 sending message 112 to peer 0x5891c6871600 (8 bytes)
1745767490.868074 sending message 112 to peer 0x5891c6871600 (13 bytes)
1745767490.868082 sending message 112 to peer 0x5891c6871600 (13 bytes)
1745767490.868096 sending message 112 to peer 0x5891c6871600 (13 bytes)
1745767490.868104 sending message 112 to peer 0x5891c6871600 (13 bytes)
1745767490.868117 sending message 112 to peer 0x5891c6871600 (13 bytes)
1745767490.868125 sending message 112 to peer 0x5891c6871600 (13 bytes)
1745767490.868138 sending message 112 to peer 0x5891c6871600 (13 bytes)
1745767490.868147 sending message 112 to peer 0x5891c6871600 (12 bytes)
1745767490.868161 sending message 112 to peer 0x5891c6871600 (12 bytes)
1745767490.868169 sending message 112 to peer 0x5891c6871600 (12 bytes)
1745767490.868182 sending message 112 to peer 0x5891c6871600 (8 bytes)
1745767490.868190 sending message 112 to peer 0x5891c6871600 (12 bytes)
1745767490.868221 sending message 112 to peer 0x5891c6871600 (13 bytes)
1745767490.868294 sending message 112 to peer 0x5891c6871600 (13 bytes)
1745767490.868304 sending message 112 to peer 0x5891c6871600 (13 bytes)
1745767490.868318 sending message 112 to peer 0x5891c6871600 (13 bytes)
1745767490.868327 sending message 112 to peer 0x5891c6871600 (13 bytes)
1745767490.868340 sending message 112 to peer 0x5891c6871600 (13 bytes)
1745767490.868349 sending message 112 to peer 0x5891c6871600 (13 bytes)
1745767490.868362 sending message 112 to peer 0x5891c6871600 (13 bytes)
1745767490.868371 sending message 112 to peer 0x5891c6871600 (12 bytes)
1745767490.868384 sending message 112 to peer 0x5891c6871600 (10 bytes)
1745767490.868393 sending message 112 to peer 0x5891c6871600 (12 bytes)
1745767490.868407 sending message 112 to peer 0x5891c6871600 (12 bytes)
1745767490.868416 sending message 112 to peer 0x5891c6871600 (12 bytes)
1745767490.868430 sending message 112 to peer 0x5891c6871600 (13 bytes)
1745767490.868440 sending message 112 to peer 0x5891c6871600 (13 bytes)
1745767490.868455 sending message 112 to peer 0x5891c6871600 (13 bytes)
1745767490.868464 sending message 112 to peer 0x5891c6871600 (13 bytes)
1745767490.868477 sending message 112 to peer 0x5891c6871600 (13 bytes)
1745767490.868486 sending message 112 to peer 0x5891c6871600 (13 bytes)
1745767490.868498 sending message 112 to peer 0x5891c6871600 (13 bytes)
1745767490.868507 sending message 112 to peer 0x5891c6871600 (10 bytes)
1745767490.868521 sending message 112 to peer 0x5891c6871600 (13 bytes)
1745767490.868532 sending message 112 to peer 0x5891c6871600 (12 bytes)
1745767490.868545 sending message 112 to peer 0x5891c6871600 (12 bytes)
1745767490.868553 sending message 112 to peer 0x5891c6871600 (12 bytes)
1745767490.868567 sending message 112 to peer 0x5891c6871600 (10 bytes)
1745767490.868575 sending message 112 to peer 0x5891c6871600 (10 bytes)
1745767490.868588 sending message 112 to peer 0x5891c6871600 (10 bytes)
1745767490.868596 sending message 112 to peer 0x5891c6871600 (12 bytes)
1745767490.868609 sending message 112 to peer 0x5891c6871600 (13 bytes)
1745767490.868617 sending message 112 to peer 0x5891c6871600 (13 bytes)
1745767490.868631 sending message 112 to peer 0x5891c6871600 (13 bytes)
1745767490.868640 sending message 112 to peer 0x5891c6871600 (13 bytes)
1745767490.868654 sending message 112 to peer 0x5891c6871600 (13 bytes)
1745767490.868660 sending message 112 to peer 0x5891c6871600 (10 bytes)
1745767490.868671 sending message 112 to peer 0x5891c6871600 (11 bytes)
1745767490.868678 sending message 112 to peer 0x5891c6871600 (12 bytes)
1745767490.868688 sending message 112 to peer 0x5891c6871600 (12 bytes)
1745767490.868695 sending message 112 to peer 0x5891c6871600 (12 bytes)
1745767490.868706 sending message 112 to peer 0x5891c6871600 (12 bytes)
1745767490.868712 sending message 112 to peer 0x5891c6871600 (12 bytes)
1745767490.868723 sending message 112 to peer 0x5891c6871600 (11 bytes)
1745767490.868730 sending message 112 to peer 0x5891c6871600 (12 bytes)
1745767490.868740 sending message 112 to peer 0x5891c6871600 (12 bytes)
1745767490.868746 sending message 112 to peer 0x5891c6871600 (13 bytes)
1745767490.868757 sending message 112 to peer 0x5891c6871600 (13 bytes)
1745767490.868764 sending message 112 to peer 0x5891c6871600 (13 bytes)
1745767490.868775 sending message 112 to peer 0x5891c6871600 (13 bytes)
1745767490.868782 sending message 112 to peer 0x5891c6871600 (13 bytes)
1745767490.868792 sending message 112 to peer 0x5891c6871600 (10 bytes)
1745767490.868799 sending message 112 to peer 0x5891c6871600 (9 bytes)
1745767490.868810 sending message 112 to peer 0x5891c6871600 (12 bytes)
1745767490.868816 sending message 112 to peer 0x5891c6871600 (13 bytes)
1745767490.868824 sending message 112 to peer 0x5891c6871600 (13 bytes)
1745767490.868835 sending message 112 to peer 0x5891c6871600 (13 bytes)
1745767490.868841 sending message 112 to peer 0x5891c6871600 (13 bytes)
1745767490.868852 sending message 112 to peer 0x5891c6871600 (13 bytes)
1745767490.868859 sending message 112 to peer 0x5891c6871600 (9 bytes)
1745767490.868907 sending message 112 to peer 0x5891c6871600 (12 bytes)
1745767490.868914 sending message 112 to peer 0x5891c6871600 (13 bytes)
1745767490.868924 sending message 112 to peer 0x5891c6871600 (13 bytes)
1745767490.868931 sending message 112 to peer 0x5891c6871600 (13 bytes)
1745767490.868938 sending message 112 to peer 0x5891c6871600 (13 bytes)
1745767490.868949 sending message 112 to peer 0x5891c6871600 (13 bytes)
1745767490.868955 sending message 112 to peer 0x5891c6871600 (11 bytes)
1745767490.868966 sending message 112 to peer 0x5891c6871600 (12 bytes)
1745767490.868972 sending message 112 to peer 0x5891c6871600 (13 bytes)
1745767490.868980 sending message 112 to peer 0x5891c6871600 (13 bytes)
1745767490.868991 sending message 112 to peer 0x5891c6871600 (13 bytes)
1745767490.868997 sending message 112 to peer 0x5891c6871600 (13 bytes)
1745767490.869008 sending message 112 to peer 0x5891c6871600 (13 bytes)
1745767490.869014 sending message 112 to peer 0x5891c6871600 (11 bytes)
1745767490.869022 sending message 112 to peer 0x5891c6871600 (12 bytes)
1745767490.869032 sending message 112 to peer 0x5891c6871600 (12 bytes)
1745767490.869039 sending message 112 to peer 0x5891c6871600 (12 bytes)
1745767490.869050 sending message 112 to peer 0x5891c6871600 (12 bytes)
1745767490.869056 sending message 112 to peer 0x5891c6871600 (12 bytes)
1745767490.869067 sending message 112 to peer 0x5891c6871600 (21 bytes)
1745767490.869074 sending message 112 to peer 0x5891c6871600 (12 bytes)
1745767490.869081 sending message 112 to peer 0x5891c6871600 (9 bytes)
1745767490.869092 sending message 112 to peer 0x5891c6871600 (6 bytes)
1745767490.869098 sending message 112 to peer 0x5891c6871600 (13 bytes)
1745767490.869110 sending message 112 to peer 0x5891c6871600 (10 bytes)
1745767490.869116 sending message 112 to peer 0x5891c6871600 (24 bytes)
1745767490.869124 sending message 112 to peer 0x5891c6871600 (13 bytes)
1745767490.869135 sending message 112 to peer 0x5891c6871600 (9 bytes)
1745767490.869142 sending message 112 to peer 0x5891c6871600 (70 bytes)
1745767490.869153 sending message 112 to peer 0x5891c6871600 (69 bytes)
1745767490.869159 sending message 112 to peer 0x5891c6871600 (12 bytes)
1745767490.869166 sending message 112 to peer 0x5891c6871600 (10 bytes)
1745767490.869177 sending message 112 to peer 0x5891c6871600 (10 bytes)
1745767490.869183 sending message 112 to peer 0x5891c6871600 (24 bytes)
1745767490.869194 sending message 112 to peer 0x5891c6871600 (13 bytes)
1745767490.871341 sending message 112 to peer 0x5891c6871600 (10 bytes)
1745767490.871485 sending message 112 to peer 0x5891c6871600 (10 bytes)
1745767490.871626 sending message 112 to peer 0x5891c6871600 (10 bytes)
1745767490.871679 sending message 112 to peer 0x5891c6871600 (13 bytes)
1745767490.871729 sending message 112 to peer 0x5891c6871600 (15 bytes)
1745767490.871778 sending message 112 to peer 0x5891c6871600 (5 bytes)
1745767490.871828 sending message 104 to peer 0x5891c6871600 (0 bytes)
1745767490.871877 sending message 110 to peer 0x5891c6871600 (0 bytes)
1745767490.871928 sending message 107 to peer 0x5891c6871600 (4 bytes)
1745767490.871977 sending message 105 to peer 0x5891c6871600 (16 bytes)
1745767490.872025 sending message 105 to peer 0x5891c6871600 (20 bytes)
1745767490.872073 sending message 105 to peer 0x5891c6871600 (24 bytes)
1745767490.872121 sending message 105 to peer 0x5891c6871600 (28 bytes)
1745767490.872165 sending message 105 to peer 0x5891c6871600 (57 bytes)
1745767490.872231 sending message 105 to peer 0x5891c6871600 (44 bytes)
1745767490.872286 sending message 105 to peer 0x5891c6871600 (41 bytes)
1745767490.872335 sending message 105 to peer 0x5891c6871600 (21 bytes)
1745767490.872383 sending message 105 to peer 0x5891c6871600 (23 bytes)
1745767490.872432 sending message 105 to peer 0x5891c6871600 (32 bytes)
1745767490.872480 sending message 105 to peer 0x5891c6871600 (26 bytes)
1745767490.872528 sending message 105 to peer 0x5891c6871600 (13 bytes)
1745767490.872571 sending message 105 to peer 0x5891c6871600 (36 bytes)
1745767490.872690 sending message 105 to peer 0x5891c6871600 (21 bytes)
1745767490.872769 sending message 105 to peer 0x5891c6871600 (117 bytes)
1745767490.872862 sending message 105 to peer 0x5891c6871600 (28 bytes)
1745767490.872944 sending message 105 to peer 0x5891c6871600 (34 bytes)
1745767490.873021 sending message 105 to peer 0x5891c6871600 (11 bytes)
1745767490.873096 sending message 105 to peer 0x5891c6871600 (17 bytes)
1745767490.875053 sending message 105 to peer 0x5891c6871600 (24 bytes)
1745767490.875081 sending message 105 to peer 0x5891c6871600 (1817 bytes)
1745767490.875117 sending message 105 to peer 0x5891c6871600 (32 bytes)
1745767490.875129 sending message 105 to peer 0x5891c6871600 (131 bytes)
1745767490.875135 sending message 105 to peer 0x5891c6871600 (51 bytes)
1745767490.875146 sending message 105 to peer 0x5891c6871600 (31 bytes)
1745767490.875153 sending message 105 to peer 0x5891c6871600 (34 bytes)
1745767490.875160 sending message 105 to peer 0x5891c6871600 (23 bytes)
1745767490.875171 sending message 105 to peer 0x5891c6871600 (20 bytes)
1745767490.875177 sending message 105 to peer 0x5891c6871600 (23 bytes)
1745767490.875189 sending message 105 to peer 0x5891c6871600 (51 bytes)
1745767490.875195 sending message 105 to peer 0x5891c6871600 (32 bytes)
1745767490.875220 sending message 105 to peer 0x5891c6871600 (10 bytes)
1745767490.875230 sending message 105 to peer 0x5891c6871600 (61 bytes)
1745767490.875241 sending message 105 to peer 0x5891c6871600 (2288 bytes)
1745767490.875249 sending message 105 to peer 0x5891c6871600 (23 bytes)
1745767490.875260 sending message 105 to peer 0x5891c6871600 (18 bytes)
1745767490.875266 sending message 105 to peer 0x5891c6871600 (24 bytes)
1745767490.875277 sending message 105 to peer 0x5891c6871600 (49 bytes)
1745767490.875283 sending message 105 to peer 0x5891c6871600 (8 bytes)
1745767490.875291 sending message 105 to peer 0x5891c6871600 (21 bytes)
1745767490.875301 sending message 105 to peer 0x5891c6871600 (22 bytes)
1745767490.875308 sending message 105 to peer 0x5891c6871600 (20 bytes)
1745767490.875319 sending message 105 to peer 0x5891c6871600 (28 bytes)
1745767490.875325 sending message 105 to peer 0x5891c6871600 (36 bytes)
1745767490.875333 sending message 105 to peer 0x5891c6871600 (33 bytes)
1745767490.875343 sending message 105 to peer 0x5891c6871600 (148 bytes)
1745767490.875350 sending message 105 to peer 0x5891c6871600 (119 bytes)
1745767490.875361 sending message 105 to peer 0x5891c6871600 (207 bytes)
1745767490.875368 sending message 105 to peer 0x5891c6871600 (51 bytes)
1745767490.875378 sending message 105 to peer 0x5891c6871600 (93 bytes)
1745767490.875385 sending message 105 to peer 0x5891c6871600 (20 bytes)
1745767490.875392 sending message 105 to peer 0x5891c6871600 (85 bytes)
1745767490.875403 sending message 105 to peer 0x5891c6871600 (16 bytes)
1745767490.875410 sending message 106 to peer 0x5891c6871600 (0 bytes)
1745767490.875583 cmd_pack_argv: argv[0]=new
1745767490.875596 cmd_pack_argv: argv[1]=-s
1745767490.875602 cmd_pack_argv: argv[2]=testsession
1745767490.875614 sending message 200 to peer 0x5891c6871600 (23 bytes)
1745767490.875621 client loop enter
1745767710.313031 client_signal: Hangup
1745767710.313297 client_signal: Terminated
1745767710.313353 client_signal: Continued
1745767710.313382 client loop exit
